<?xml version="1.0" encoding="UTF-8"?>
<testng-results skipped="0" failed="0" ignored="0" total="1" passed="1">
  <reporter-output>
  </reporter-output>
  <suite name="Default suite" duration-ms="29315" started-at="2022-03-23T14:23:57 IST" finished-at="2022-03-23T14:24:26 IST">
    <groups>
    </groups>
    <test name="Default test" duration-ms="29315" started-at="2022-03-23T14:23:57 IST" finished-at="2022-03-23T14:24:26 IST">
      <class name="com.crm.parameters.loginTest">
        <test-method status="PASS" signature="login()[pri:0, instance:com.crm.parameters.loginTest@9a7504c]" name="login" duration-ms="29175" started-at="2022-03-23T14:23:57 IST" finished-at="2022-03-23T14:24:26 IST">
          <reporter-output>
          </reporter-output>
        </test-method> <!-- login -->
      </class> <!-- com.crm.parameters.loginTest -->
    </test> <!-- Default test -->
  </suite> <!-- Default suite -->
</testng-results>
